#
# A fatal error has been detected by the Java Runtime Environment:
#
#  SIGSEGV (0xb) at pc=0xb6e0dc52, pid=3832, tid=2329709424
#
# JRE version: 6.0_22-b22
# Java VM: OpenJDK Server VM (20.0-b11 mixed mode linux-x86 )
# Derivative: IcedTea6 1.10.2
# Distribution: Ubuntu 11.04, package 6b22-1.10.2-0ubuntu1~11.04.1
# Problematic frame:
# V  [libjvm.so+0x3dcc52]  jvmti_IsMethodSynthetic+0x182
#
# If you would like to submit a bug report, please include
# instructions how to reproduce the bug and visit:
#   https://bugs.launchpad.net/ubuntu/+source/openjdk-6/
#

---------------  T H R E A D  ---------------

Current thread (0x084ae000):  JavaThread "JDWP Transport Listener: dt_socket" daemon [_thread_in_vm, id=3847, stack(0x8ad78000,0x8adc9000)]

siginfo:si_signo=SIGSEGV: si_errno=0, si_code=1 (SEGV_MAPERR), si_addr=0x00001d49

Registers:
EAX=0x00001d49, EBX=0xb713cff4, ECX=0x00000ffc, EDX=0x8adc7c8c
ESP=0x8adc7c70, EBP=0x8adc7cb8, ESI=0x084ae000, EDI=0x00000063
EIP=0xb6e0dc52, EFLAGS=0x00010202, CR2=0x00001d49

Top of Stack: (sp=0x8adc7c70)
0x8adc7c70:   8adc7dbc b685494c 8adc7cc8 8adc7c8c
0x8adc7c80:   8adc7dbc b767ca9f b685bff4 084ae000
0x8adc7c90:   00000000 00000000 00000000 084ae000
0x8adc7ca0:   08406af0 8b194f70 00000004 b685bff4
0x8adc7cb0:   8adc7d2f b685c960 8adc7ce8 b684e936
0x8adc7cc0:   08406af0 00001d49 8adc7d2f b68439c1
0x8adc7cd0:   00000004 b685494c 084b2201 b685bff4
0x8adc7ce0:   0000001b 00001d49 8adc7d48 b682bd2f 

Instructions: (pc=0xb6e0dc52)
0xb6e0dc32:   ff 21 c8 8b 3a 01 f8 c7 00 01 00 00 00 e9 17 ff
0xb6e0dc42:   ff ff 8d 74 26 00 8b 45 0c 85 c0 74 0d 8b 45 0c
0xb6e0dc52:   8b 08 81 f9 fe fe fe fe 75 0c bf 17 00 00 00 e9
0xb6e0dc62:   5d ff ff ff 66 90 85 c9 74 f0 8b 41 04 83 ec 0c 

Register to memory mapping:

EAX=0x00001d49 is an unknown value
EBX=0xb713cff4: <offset 0x70bff4> in /usr/lib/jvm/java-6-openjdk/jre/lib/i386/server/libjvm.so at 0xb6a31000
ECX=0x00000ffc is an unknown value
EDX=0x8adc7c8c is pointing into the stack for thread: 0x084ae000
ESP=0x8adc7c70 is pointing into the stack for thread: 0x084ae000
EBP=0x8adc7cb8 is pointing into the stack for thread: 0x084ae000
ESI=0x084ae000 is a thread
EDI=0x00000063 is an unknown value


Stack: [0x8ad78000,0x8adc9000],  sp=0x8adc7c70,  free space=319k
Native frames: (J=compiled Java code, j=interpreted, Vv=VM code, C=native code)
V  [libjvm.so+0x3dcc52]  jvmti_IsMethodSynthetic+0x182
C  [libjdwp.so+0x29936]  Agent_OnLoad+0x1a036
C  [libjdwp.so+0x6d2f]  abort+0x6d2f
C  [libjdwp.so+0x12599]  Agent_OnLoad+0x2c99
C  [libjdwp.so+0x25d1f]  Agent_OnLoad+0x1641f
C  [libjdwp.so+0x25d60]  Agent_OnLoad+0x16460
V  [libjvm.so+0x437e74]  JvmtiAgentThread::call_start_function()+0xa4
V  [libjvm.so+0x437f5c]  JvmtiAgentThread::start_function_wrapper(JavaThread*, Thread*)+0x1c
V  [libjvm.so+0x61ab1c]  JavaThread::thread_main_inner()+0x6c
V  [libjvm.so+0x61abf9]  JavaThread::run()+0xc9
V  [libjvm.so+0x520a51]  java_start(Thread*)+0x121
C  [libpthread.so.0+0x5e99]  start_thread+0xd9


---------------  P R O C E S S  ---------------

Java Threads: ( => current thread )
  0x8a421400 JavaThread "AWT-XAWT" daemon [_thread_in_native, id=3869, stack(0x8a2af000,0x8a300000)]
  0x08683800 JavaThread "Java2D Disposer" daemon [_thread_blocked, id=3868, stack(0x8a73b000,0x8a78c000)]
  0x084bf800 JavaThread "Low Memory Detector" daemon [_thread_blocked, id=3856, stack(0x8ab83000,0x8abd4000)]
  0x084bc000 JavaThread "C2 CompilerThread1" daemon [_thread_blocked, id=3855, stack(0x8abd4000,0x8ac55000)]
  0x084b9c00 JavaThread "C2 CompilerThread0" daemon [_thread_blocked, id=3854, stack(0x8ac55000,0x8acd6000)]
  0x084b2400 JavaThread "JDWP Command Reader" daemon [_thread_in_native, id=3849, stack(0x8acd6000,0x8ad27000)]
  0x084b0800 JavaThread "JDWP Event Helper Thread" daemon [_thread_blocked, id=3848, stack(0x8ad27000,0x8ad78000)]
=>0x084ae000 JavaThread "JDWP Transport Listener: dt_socket" daemon [_thread_in_vm, id=3847, stack(0x8ad78000,0x8adc9000)]
  0x084a6400 JavaThread "Signal Dispatcher" daemon [_thread_blocked, id=3843, stack(0x8adc9000,0x8ae1a000)]
  0x08494000 JavaThread "Finalizer" daemon [_thread_blocked, id=3842, stack(0x8ae1a000,0x8ae6b000)]
  0x08492800 JavaThread "Reference Handler" daemon [_thread_blocked, id=3841, stack(0x8ae6b000,0x8aebc000)]
  0x0840a000 JavaThread "main" [_thread_blocked, id=3833, stack(0xb68b3000,0xb6904000)]

Other Threads:
  0x0848e800 VMThread [stack: 0x8aebc000,0x8af3d000] [id=3840]
  0x084c1400 WatcherThread [stack: 0x8ab02000,0x8ab83000] [id=3857]

VM state:not at safepoint (normal execution)

VM Mutex/Monitor currently owned by a thread: None

Heap
 PSYoungGen      total 70784K, used 52177K [0xa8a90000, 0xad450000, 0xb3530000)
  eden space 70592K, 73% used [0xa8a90000,0xabd62ac8,0xacf80000)
  from space 192K, 70% used [0xad420000,0xad441ab8,0xad450000)
  to   space 2304K, 0% used [0xacfd0000,0xacfd0000,0xad210000)
 PSOldGen        total 34176K, used 10781K [0x93530000, 0x95690000, 0xa8a90000)
  object space 34176K, 31% used [0x93530000,0x93fb7770,0x95690000)
 PSPermGen       total 18944K, used 9736K [0x8b530000, 0x8c7b0000, 0x93530000)
  object space 18944K, 51% used [0x8b530000,0x8beb2390,0x8c7b0000)

Code Cache  [0xb35fe000, 0xb383e000, 0xb65fe000)
 total_blobs=493 nmethods=221 adapters=234 free_code_cache=49475392 largest_free_block=24960

Dynamic libraries:
08048000-08051000 r-xp 00000000 08:06 1052946    /usr/lib/jvm/java-6-openjdk/jre/bin/java
08051000-08052000 r-xp 00008000 08:06 1052946    /usr/lib/jvm/java-6-openjdk/jre/bin/java
08052000-08053000 rwxp 00009000 08:06 1052946    /usr/lib/jvm/java-6-openjdk/jre/bin/java
08401000-089ae000 rwxp 00000000 00:00 0          [heap]
866be000-866fe000 rwxs 221aa000 00:05 8435       /dev/dri/card0
866fe000-870fe000 rwxp 00000000 00:00 0 
870fe000-874fe000 rwxs 20d16000 00:05 8435       /dev/dri/card0
87700000-877dd000 rwxp 00000000 00:00 0 
877dd000-87800000 ---p 00000000 00:00 0 
87860000-87870000 rwxs 21246000 00:05 8435       /dev/dri/card0
87870000-87880000 rwxs 21236000 00:05 8435       /dev/dri/card0
87880000-87890000 rwxs 21226000 00:05 8435       /dev/dri/card0
87890000-878a0000 rwxs 21216000 00:05 8435       /dev/dri/card0
878a0000-878b0000 rwxs 1f8fb000 00:05 8435       /dev/dri/card0
878b0000-878c0000 rwxs 22085000 00:05 8435       /dev/dri/card0
878c0000-878d0000 rwxs 22075000 00:05 8435       /dev/dri/card0
878d0000-878e0000 rwxs 1f715000 00:05 8435       /dev/dri/card0
878e0000-878f0000 rwxs 1f705000 00:05 8435       /dev/dri/card0
878f0000-87900000 rwxs 1f813000 00:05 8435       /dev/dri/card0
87900000-879fb000 rwxp 00000000 00:00 0 
879fb000-87a00000 ---p 00000000 00:00 0 
87afc000-87efc000 rwxs 21979000 00:05 8435       /dev/dri/card0
87ffc000-880fc000 rwxs 21e79000 00:05 8435       /dev/dri/card0
881fe000-882fe000 rwxs 220a7000 00:05 8435       /dev/dri/card0
882fe000-88400000 rwxp 00000000 00:00 0 
88400000-884c9000 rwxp 00000000 00:00 0 
884c9000-88500000 ---p 00000000 00:00 0 
88500000-88600000 rwxs 21116000 00:05 8435       /dev/dri/card0
88600000-887fb000 rwxp 00000000 00:00 0 
887fb000-88800000 ---p 00000000 00:00 0 
88800000-888f4000 rwxp 00000000 00:00 0 
888f4000-88900000 ---p 00000000 00:00 0 
88900000-88a00000 rwxs 21d79000 00:05 8435       /dev/dri/card0
88a00000-88aef000 rwxp 00000000 00:00 0 
88aef000-88b00000 ---p 00000000 00:00 0 
88b25000-88b65000 rwxs 20cc8000 00:05 8435       /dev/dri/card0
88b65000-88b91000 r-xp 00000000 08:06 1052989    /usr/lib/jvm/java-6-openjdk/jre/lib/i386/liblcms.so
88b91000-88b92000 r-xp 0002b000 08:06 1052989    /usr/lib/jvm/java-6-openjdk/jre/lib/i386/liblcms.so
88b92000-88b93000 rwxp 0002c000 08:06 1052989    /usr/lib/jvm/java-6-openjdk/jre/lib/i386/liblcms.so
88b93000-88b95000 rwxp 00000000 00:00 0 
88b95000-88b99000 rwxs 21975000 00:05 8435       /dev/dri/card0
88b99000-88d00000 rwxp 00000000 00:00 0 
88d00000-88dfb000 rwxp 00000000 00:00 0 
88dfb000-88e00000 ---p 00000000 00:00 0 
88e00000-88eff000 rwxp 00000000 00:00 0 
88eff000-88f00000 ---p 00000000 00:00 0 
88f00000-88ffa000 rwxp 00000000 00:00 0 
88ffa000-89000000 ---p 00000000 00:00 0 
89007000-89017000 rwxs 1f803000 00:05 8435       /dev/dri/card0
89017000-89027000 rwxs 21f99000 00:05 8435       /dev/dri/card0
89027000-89028000 rwxs 2226b000 00:05 8435       /dev/dri/card0
89028000-89029000 rwxs 00000000 00:04 90520      /drm mm object (deleted)
89029000-89039000 rwxs 21f89000 00:05 8435       /dev/dri/card0
89039000-89049000 rwxs 21f79000 00:05 8435       /dev/dri/card0
89049000-89059000 rwxs 21961000 00:05 8435       /dev/dri/card0
89059000-89069000 rwxs 1f6bd000 00:05 8435       /dev/dri/card0
89069000-890a9000 rwxs 21921000 00:05 8435       /dev/dri/card0
890a9000-890b9000 rwxs 1f6ad000 00:05 8435       /dev/dri/card0
890b9000-890f9000 rwxs 218e1000 00:05 8435       /dev/dri/card0
890f9000-89db9000 rwxp 00000000 00:00 0 
89dba000-89dc2000 rwxs 1f7bb000 00:05 8435       /dev/dri/card0
89dc2000-89dca000 rwxs 2225f000 00:05 8435       /dev/dri/card0
89dca000-89dd2000 rwxs 22257000 00:05 8435       /dev/dri/card0
89dd2000-89dda000 rwxs 2224b000 00:05 8435       /dev/dri/card0
89dda000-89de2000 rwxs 22243000 00:05 8435       /dev/dri/card0
89de2000-89e22000 rwxs 221ee000 00:05 8435       /dev/dri/card0
89e22000-89e35000 r-xp 00000000 08:06 1053003    /usr/lib/jvm/java-6-openjdk/jre/lib/i386/libnet.so
89e35000-89e36000 r-xp 00013000 08:06 1053003    /usr/lib/jvm/java-6-openjdk/jre/lib/i386/libnet.so
89e36000-89e37000 rwxp 00014000 08:06 1053003    /usr/lib/jvm/java-6-openjdk/jre/lib/i386/libnet.so
89e37000-89f21000 r-xp 00000000 08:06 660527     /usr/lib/dri/libglsl.so
89f21000-89f25000 r-xp 000ea000 08:06 660527     /usr/lib/dri/libglsl.so
89f25000-89f26000 rwxp 000ee000 08:06 660527     /usr/lib/dri/libglsl.so
89f26000-89f27000 rwxp 00000000 00:00 0 
89f27000-8a102000 r-xp 00000000 08:06 660526     /usr/lib/dri/libdricore.so
8a102000-8a108000 r-xp 001db000 08:06 660526     /usr/lib/dri/libdricore.so
8a108000-8a10a000 rwxp 001e1000 08:06 660526     /usr/lib/dri/libdricore.so
8a10a000-8a11a000 rwxp 00000000 00:00 0 
8a11a000-8a17e000 r-xp 00000000 08:06 660524     /usr/lib/dri/i915_dri.so
8a17e000-8a180000 r-xp 00064000 08:06 660524     /usr/lib/dri/i915_dri.so
8a180000-8a181000 rwxp 00066000 08:06 660524     /usr/lib/dri/i915_dri.so
8a181000-8a1ca000 r-xp 00000000 08:06 661528     /usr/lib/mesa/libGL.so.1.2
8a1ca000-8a1cb000 ---p 00049000 08:06 661528     /usr/lib/mesa/libGL.so.1.2
8a1cb000-8a1d0000 r-xp 00049000 08:06 661528     /usr/lib/mesa/libGL.so.1.2
8a1d0000-8a1d6000 rwxp 0004e000 08:06 661528     /usr/lib/mesa/libGL.so.1.2
8a1d6000-8a1d7000 rwxp 00000000 00:00 0 
8a1d7000-8a20b000 r-xp 00000000 08:03 59640      /media/Data/Programmering/CallistoCarnival/lib/lwjgl/native/liblwjgl.so
8a20b000-8a20c000 rwxp 00033000 08:03 59640      /media/Data/Programmering/CallistoCarnival/lib/lwjgl/native/liblwjgl.so
8a20c000-8a20d000 rwxp 00000000 00:00 0 
8a20d000-8a210000 ---p 00000000 00:00 0 
8a210000-8a25e000 rwxp 00000000 00:00 0 
8a25e000-8a261000 rwxp 00000000 00:00 0 
8a261000-8a300000 rwxp 00000000 00:00 0 
8a300000-8a3f7000 rwxp 00000000 00:00 0 
8a3f7000-8a400000 ---p 00000000 00:00 0 
8a400000-8a4f5000 rwxp 00000000 00:00 0 
8a4f5000-8a500000 ---p 00000000 00:00 0 
8a500000-8a5f6000 rwxp 00000000 00:00 0 
8a5f6000-8a600000 ---p 00000000 00:00 0 
8a601000-8a602000 rwxs 00000000 00:04 90524      /drm mm object (deleted)
8a602000-8a603000 rwxs 00000000 00:04 90523      /drm mm object (deleted)
8a607000-8a60b000 rwxs 221ea000 00:05 8435       /dev/dri/card0
8a60b000-8a614000 r-xp 00000000 08:06 392530     /lib/i386-linux-gnu/libdrm_intel.so.1.0.0
8a614000-8a615000 r-xp 00008000 08:06 392530     /lib/i386-linux-gnu/libdrm_intel.so.1.0.0
8a615000-8a616000 rwxp 00009000 08:06 392530     /lib/i386-linux-gnu/libdrm_intel.so.1.0.0
8a616000-8a617000 r-xs 00000000 08:06 274284     /var/cache/fontconfig/c05880de57d1f5e948fdfacc138775d9-le32d4.cache-3
8a617000-8a61d000 r-xs 00000000 08:06 274281     /var/cache/fontconfig/945677eb7aeaf62f1d50efc3fb3ec7d8-le32d4.cache-3
8a61d000-8a61f000 r-xs 00000000 08:06 274282     /var/cache/fontconfig/99e8ed0e538f840c565b6ed5dad60d56-le32d4.cache-3
8a61f000-8a622000 r-xs 00000000 08:06 274292     /var/cache/fontconfig/e383d7ea5fbe662a33d9b44caf393297-le32d4.cache-3
8a622000-8a624000 r-xs 00000000 08:06 274269     /var/cache/fontconfig/2cd17615ca594fa2959ae173292e504c-le32d4.cache-3
8a624000-8a625000 r-xs 00000000 08:06 274293     /var/cache/fontconfig/e7071f4a29fa870f4323321c154eba04-le32d4.cache-3
8a625000-8a628000 r-xs 00000000 08:06 274278     /var/cache/fontconfig/6eb3985aa4124903f6ff08ba781cd364-le32d4.cache-3
8a628000-8a629000 r-xs 00000000 08:06 274273     /var/cache/fontconfig/4c73fe0c47614734b17d736dbde7580a-le32d4.cache-3
8a629000-8a62a000 r-xs 00000000 08:06 274266     /var/cache/fontconfig/0d8c3b2ac0904cb8a57a757ad11a4a08-le32d4.cache-3
8a62a000-8a62b000 r-xs 00000000 08:06 274276     /var/cache/fontconfig/6a53c69dea097a2d716e069445527da8-le32d4.cache-3
8a62b000-8a62f000 r-xs 00000000 08:06 274283     /var/cache/fontconfig/a755afe4a08bf5b97852ceb7400b47bc-le32d4.cache-3
8a62f000-8a636000 r-xs 00000000 08:06 268078     /var/cache/fontconfig/6d41288fd70b0be22e8c3a91e032eec0-le32d4.cache-3
8a636000-8a641000 r-xs 00000000 08:06 274267     /var/cache/fontconfig/0f34bcd4b6ee430af32735b75db7f02b-le32d4.cache-3
8a641000-8a644000 r-xs 00000000 08:06 274289     /var/cache/fontconfig/d60319d88cac85ba9e1a07bd06cfbb8c-le32d4.cache-3
8a644000-8a645000 r-xs 00000000 08:06 267852     /var/cache/fontconfig/4794a0821666d79190d59a36cb4f44b5-le32d4.cache-3
8a645000-8a667000 r-xs 00000000 08:06 282864     /var/cache/fontconfig/365b55f210c0a22e9a19e35191240f32-le32d4.cache-3
8a667000-8a68d000 r-xp 00000000 08:06 392538     /lib/i386-linux-gnu/libexpat.so.1.5.2
8a68d000-8a68e000 ---p 00026000 08:06 392538     /lib/i386-linux-gnu/libexpat.so.1.5.2
8a68e000-8a690000 r-xp 00026000 08:06 392538     /lib/i386-linux-gnu/libexpat.so.1.5.2
8a690000-8a691000 rwxp 00028000 08:06 392538     /lib/i386-linux-gnu/libexpat.so.1.5.2
8a691000-8a692000 r-xs 00000000 08:06 274284     /var/cache/fontconfig/c05880de57d1f5e948fdfacc138775d9-le32d4.cache-3
8a692000-8a698000 r-xs 00000000 08:06 274281     /var/cache/fontconfig/945677eb7aeaf62f1d50efc3fb3ec7d8-le32d4.cache-3
8a698000-8a69a000 r-xs 00000000 08:06 274282     /var/cache/fontconfig/99e8ed0e538f840c565b6ed5dad60d56-le32d4.cache-3
8a69a000-8a69d000 r-xs 00000000 08:06 274292     /var/cache/fontconfig/e383d7ea5fbe662a33d9b44caf393297-le32d4.cache-3
8a69d000-8a69f000 r-xs 00000000 08:06 274269     /var/cache/fontconfig/2cd17615ca594fa2959ae173292e504c-le32d4.cache-3
8a69f000-8a6a0000 r-xs 00000000 08:06 274293     /var/cache/fontconfig/e7071f4a29fa870f4323321c154eba04-le32d4.cache-3
8a6a0000-8a6a3000 r-xs 00000000 08:06 274278     /var/cache/fontconfig/6eb3985aa4124903f6ff08ba781cd364-le32d4.cache-3
8a6a3000-8a6a4000 r-xs 00000000 08:06 274273     /var/cache/fontconfig/4c73fe0c47614734b17d736dbde7580a-le32d4.cache-3
8a6a4000-8a6a5000 r-xs 00000000 08:06 274266     /var/cache/fontconfig/0d8c3b2ac0904cb8a57a757ad11a4a08-le32d4.cache-3
8a6a5000-8a6a6000 r-xs 00000000 08:06 274276     /var/cache/fontconfig/6a53c69dea097a2d716e069445527da8-le32d4.cache-3
8a6a6000-8a6aa000 r-xs 00000000 08:06 274283     /var/cache/fontconfig/a755afe4a08bf5b97852ceb7400b47bc-le32d4.cache-3
8a6aa000-8a6b1000 r-xs 00000000 08:06 268078     /var/cache/fontconfig/6d41288fd70b0be22e8c3a91e032eec0-le32d4.cache-3
8a6b1000-8a6bc000 r-xs 00000000 08:06 274267     /var/cache/fontconfig/0f34bcd4b6ee430af32735b75db7f02b-le32d4.cache-3
8a6bc000-8a6bf000 r-xs 00000000 08:06 274289     /var/cache/fontconfig/d60319d88cac85ba9e1a07bd06cfbb8c-le32d4.cache-3
8a6bf000-8a6c0000 r-xs 00000000 08:06 267852     /var/cache/fontconfig/4794a0821666d79190d59a36cb4f44b5-le32d4.cache-3
8a6c0000-8a6e2000 r-xs 00000000 08:06 282864     /var/cache/fontconfig/365b55f210c0a22e9a19e35191240f32-le32d4.cache-3
8a6e2000-8a6e9000 r-xp 00000000 08:06 1052976    /usr/lib/jvm/java-6-openjdk/jre/lib/i386/libnio.so
8a6e9000-8a6ea000 r-xp 00006000 08:06 1052976    /usr/lib/jvm/java-6-openjdk/jre/lib/i386/libnio.so
8a6ea000-8a6eb000 rwxp 00007000 08:06 1052976    /usr/lib/jvm/java-6-openjdk/jre/lib/i386/libnio.so
8a6eb000-8a6f3000 r-xp 00000000 08:06 392528     /lib/i386-linux-gnu/libdrm.so.2.4.0
8a6f3000-8a6f4000 r-xp 00007000 08:06 392528     /lib/i386-linux-gnu/libdrm.so.2.4.0
8a6f4000-8a6f5000 rwxp 00008000 08:06 392528     /lib/i386-linux-gnu/libdrm.so.2.4.0
8a6f5000-8a6f9000 r-xp 00000000 08:06 661151     /usr/lib/i386-linux-gnu/libXxf86vm.so.1.0.0
8a6f9000-8a6fa000 r-xp 00003000 08:06 661151     /usr/lib/i386-linux-gnu/libXxf86vm.so.1.0.0
8a6fa000-8a6fb000 rwxp 00004000 08:06 661151     /usr/lib/i386-linux-gnu/libXxf86vm.so.1.0.0
8a6fb000-8a6fd000 r-xp 00000000 08:06 661131     /usr/lib/i386-linux-gnu/libXdamage.so.1.1.0
8a6fd000-8a6fe000 r-xp 00001000 08:06 661131     /usr/lib/i386-linux-gnu/libXdamage.so.1.1.0
8a6fe000-8a6ff000 rwxp 00002000 08:06 661131     /usr/lib/i386-linux-gnu/libXdamage.so.1.1.0
8a6ff000-8a700000 r-xp 00000000 08:06 1052979    /usr/lib/jvm/java-6-openjdk/jre/lib/i386/libjawt.so
8a700000-8a701000 r-xp 00000000 08:06 1052979    /usr/lib/jvm/java-6-openjdk/jre/lib/i386/libjawt.so
8a701000-8a702000 rwxp 00001000 08:06 1052979    /usr/lib/jvm/java-6-openjdk/jre/lib/i386/libjawt.so
8a702000-8a708000 r-xp 00000000 08:06 661145     /usr/lib/i386-linux-gnu/libXrandr.so.2.2.0
8a708000-8a709000 r-xp 00005000 08:06 661145     /usr/lib/i386-linux-gnu/libXrandr.so.2.2.0
8a709000-8a70a000 rwxp 00006000 08:06 661145     /usr/lib/i386-linux-gnu/libXrandr.so.2.2.0
8a70a000-8a70e000 r-xp 00000000 08:06 661137     /usr/lib/i386-linux-gnu/libXfixes.so.3.1.0
8a70e000-8a70f000 r-xp 00003000 08:06 661137     /usr/lib/i386-linux-gnu/libXfixes.so.3.1.0
8a70f000-8a710000 rwxp 00004000 08:06 661137     /usr/lib/i386-linux-gnu/libXfixes.so.3.1.0
8a710000-8a718000 r-xp 00000000 08:06 661129     /usr/lib/i386-linux-gnu/libXcursor.so.1.0.2
8a718000-8a719000 r-xp 00007000 08:06 661129     /usr/lib/i386-linux-gnu/libXcursor.so.1.0.2
8a719000-8a71a000 rwxp 00008000 08:06 661129     /usr/lib/i386-linux-gnu/libXcursor.so.1.0.2
8a71a000-8a71b000 rwxs 00000000 00:04 90515      /drm mm object (deleted)
8a71b000-8a724000 r-xp 00000000 08:06 1052982    /usr/lib/jvm/java-6-openjdk/jre/lib/i386/libjpeg.so
8a724000-8a725000 r-xp 00008000 08:06 1052982    /usr/lib/jvm/java-6-openjdk/jre/lib/i386/libjpeg.so
8a725000-8a726000 rwxp 00009000 08:06 1052982    /usr/lib/jvm/java-6-openjdk/jre/lib/i386/libjpeg.so
8a726000-8a72a000 rwxs 22234000 00:05 8435       /dev/dri/card0
8a72a000-8a731000 r-xs 000fb000 08:06 925201     /usr/lib/jvm/java-6-openjdk/jre/lib/resources.jar
8a731000-8a739000 r-xs 00000000 08:06 274288     /var/cache/fontconfig/d52a8644073d54c13679302ca1180695-le32d4.cache-3
8a739000-8a73b000 r-xs 00000000 08:06 270519     /var/cache/fontconfig/e13b20fdb08344e0e664864cc2ede53d-le32d4.cache-3
8a73b000-8a78c000 rwxp 00000000 00:00 0 
8a78c000-8a80d000 r-xp 00000000 08:06 661183     /usr/lib/i386-linux-gnu/libfreetype.so.6.6.2
8a80d000-8a811000 r-xp 00080000 08:06 661183     /usr/lib/i386-linux-gnu/libfreetype.so.6.6.2
8a811000-8a812000 rwxp 00084000 08:06 661183     /usr/lib/i386-linux-gnu/libfreetype.so.6.6.2
8a812000-8a84a000 r-xp 00000000 08:06 1053005    /usr/lib/jvm/java-6-openjdk/jre/lib/i386/libfontmanager.so
8a84a000-8a84b000 ---p 00038000 08:06 1053005    /usr/lib/jvm/java-6-openjdk/jre/lib/i386/libfontmanager.so
8a84b000-8a84c000 r-xp 00038000 08:06 1053005    /usr/lib/jvm/java-6-openjdk/jre/lib/i386/libfontmanager.so
8a84c000-8a84d000 rwxp 00039000 08:06 1053005    /usr/lib/jvm/java-6-openjdk/jre/lib/i386/libfontmanager.so
8a84d000-8a851000 r-xp 00000000 08:06 661133     /usr/lib/i386-linux-gnu/libXdmcp.so.6.0.0
8a851000-8a852000 r-xp 00003000 08:06 661133     /usr/lib/i386-linux-gnu/libXdmcp.so.6.0.0
8a852000-8a853000 rwxp 00004000 08:06 661133     /usr/lib/i386-linux-gnu/libXdmcp.so.6.0.0
8a853000-8a855000 r-xp 00000000 08:06 661125     /usr/lib/i386-linux-gnu/libXau.so.6.0.0
8a855000-8a856000 r-xp 00001000 08:06 661125     /usr/lib/i386-linux-gnu/libXau.so.6.0.0
8a856000-8a857000 rwxp 00002000 08:06 661125     /usr/lib/i386-linux-gnu/libXau.so.6.0.0
8a857000-8a86e000 r-xp 00000000 08:06 661273     /usr/lib/i386-linux-gnu/libxcb.so.1.1.0
8a86e000-8a86f000 r-xp 00016000 08:06 661273     /usr/lib/i386-linux-gnu/libxcb.so.1.1.0
8a86f000-8a870000 rwxp 00017000 08:06 661273     /usr/lib/i386-linux-gnu/libxcb.so.1.1.0
8a870000-8a87d000 r-xp 00000000 08:06 661141     /usr/lib/i386-linux-gnu/libXi.so.6.1.0
8a87d000-8a87e000 r-xp 0000c000 08:06 661141     /usr/lib/i386-linux-gnu/libXi.so.6.1.0
8a87e000-8a87f000 rwxp 0000d000 08:06 661141     /usr/lib/i386-linux-gnu/libXi.so.6.1.0
8a87f000-8a883000 r-xp 00000000 08:06 658894     /usr/lib/libXtst.so.6.1.0
8a883000-8a884000 r-xp 00003000 08:06 658894     /usr/lib/libXtst.so.6.1.0
8a884000-8a885000 rwxp 00004000 08:06 658894     /usr/lib/libXtst.so.6.1.0
8a885000-8a88d000 r-xp 00000000 08:06 661147     /usr/lib/i386-linux-gnu/libXrender.so.1.3.0
8a88d000-8a88e000 r-xp 00007000 08:06 661147     /usr/lib/i386-linux-gnu/libXrender.so.1.3.0
8a88e000-8a88f000 rwxp 00008000 08:06 661147     /usr/lib/i386-linux-gnu/libXrender.so.1.3.0
8a88f000-8a9a5000 r-xp 00000000 08:06 661123     /usr/lib/i386-linux-gnu/libX11.so.6.3.0
8a9a5000-8a9a6000 ---p 00116000 08:06 661123     /usr/lib/i386-linux-gnu/libX11.so.6.3.0
8a9a6000-8a9a7000 r-xp 00116000 08:06 661123     /usr/lib/i386-linux-gnu/libX11.so.6.3.0
8a9a7000-8a9a9000 rwxp 00117000 08:06 661123     /usr/lib/i386-linux-gnu/libX11.so.6.3.0
8a9a9000-8a9aa000 rwxp 00000000 00:00 0 
8a9aa000-8a9b7000 r-xp 00000000 08:06 661135     /usr/lib/i386-linux-gnu/libXext.so.6.4.0
8a9b7000-8a9b8000 r-xp 0000c000 08:06 661135     /usr/lib/i386-linux-gnu/libXext.so.6.4.0
8a9b8000-8a9b9000 rwxp 0000d000 08:06 661135     /usr/lib/i386-linux-gnu/libXext.so.6.4.0
8a9b9000-8a9bc000 r-xs 00000000 08:06 282808     /var/cache/fontconfig/7ef2298fde41cc6eeb7af42e48b7d293-le32d4.cache-3
8a9bc000-8a9c4000 r-xs 00000000 08:06 274288     /var/cache/fontconfig/d52a8644073d54c13679302ca1180695-le32d4.cache-3
8a9c4000-8a9c6000 r-xs 00000000 08:06 270519     /var/cache/fontconfig/e13b20fdb08344e0e664864cc2ede53d-le32d4.cache-3
8a9c6000-8a9c9000 r-xs 00000000 08:06 282808     /var/cache/fontconfig/7ef2298fde41cc6eeb7af42e48b7d293-le32d4.cache-3
8a9c9000-8aa0c000 r-xp 00000000 08:06 1046377    /usr/lib/jvm/java-6-openjdk/jre/lib/i386/xawt/libmawt.so
8aa0c000-8aa0d000 r-xp 00042000 08:06 1046377    /usr/lib/jvm/java-6-openjdk/jre/lib/i386/xawt/libmawt.so
8aa0d000-8aa0f000 rwxp 00043000 08:06 1046377    /usr/lib/jvm/java-6-openjdk/jre/lib/i386/xawt/libmawt.so
8aa0f000-8aa10000 rwxp 00000000 00:00 0 
8aa10000-8aa99000 r-xp 00000000 08:06 1052975    /usr/lib/jvm/java-6-openjdk/jre/lib/i386/libawt.so
8aa99000-8aa9a000 r-xp 00088000 08:06 1052975    /usr/lib/jvm/java-6-openjdk/jre/lib/i386/libawt.so
8aa9a000-8aaa1000 rwxp 00089000 08:06 1052975    /usr/lib/jvm/java-6-openjdk/jre/lib/i386/libawt.so
8aaa1000-8aac5000 rwxp 00000000 00:00 0 
8aac5000-8aac9000 r-xs 0007c000 08:06 921713     /usr/lib/jvm/java-6-openjdk/jre/lib/jsse.jar
8aac9000-8aae0000 r-xs 00100000 08:03 57826      /media/Data/Programmering/JavaUtilities/lib/guava-r09.jar
8aae0000-8aae7000 r-xs 00035000 08:03 57674      /media/Data/Programmering/JUnit/lib/junit-4.9b1.jar
8aae7000-8aaf2000 r-xs 00068000 08:03 59634      /media/Data/Programmering/CallistoCarnival/lib/FengGUI.jar
8aaf2000-8aafa000 r-xs 0007b000 08:03 59652      /media/Data/Programmering/CallistoCarnival/lib/lwjgl/lwjgl.jar
8aafa000-8ab02000 r-xs 00066000 08:06 921698     /usr/share/java/gnome-java-bridge.jar
8ab02000-8ab03000 ---p 00000000 00:00 0 
8ab03000-8abd4000 rwxp 00000000 00:00 0 
8abd4000-8abd5000 ---p 00000000 00:00 0 
8abd5000-8ac55000 rwxp 00000000 00:00 0 
8ac55000-8ac56000 ---p 00000000 00:00 0 
8ac56000-8aebc000 rwxp 00000000 00:00 0 
8aebc000-8aebd000 ---p 00000000 00:00 0 
8aebd000-8af70000 rwxp 00000000 00:00 0 
8af70000-8b100000 r-xs 037af000 08:06 921603     /usr/lib/jvm/java-6-openjdk/jre/lib/rt.jar
8b100000-8b1f5000 rwxp 00000000 00:00 0 
8b1f5000-8b200000 ---p 00000000 00:00 0 
8b200000-8b202000 r-xs 0000d000 08:03 59656      /media/Data/Programmering/CallistoCarnival/lib/jorbis-0.0.15.jar
8b202000-8b203000 ---p 00000000 00:00 0 
8b203000-8b283000 rwxp 00000000 00:00 0 
8b283000-8b284000 ---p 00000000 00:00 0 
8b284000-8b30e000 rwxp 00000000 00:00 0 
8b30e000-8b344000 rwxp 00000000 00:00 0 
8b344000-8b355000 rwxp 00000000 00:00 0 
8b355000-8b3ef000 rwxp 00000000 00:00 0 
8b3ef000-8b3f9000 rwxp 00000000 00:00 0 
8b3f9000-8b42f000 rwxp 00000000 00:00 0 
8b42f000-8b440000 rwxp 00000000 00:00 0 
8b440000-8b4d9000 rwxp 00000000 00:00 0 
8b4d9000-8b4ff000 rwxp 00000000 00:00 0 
8b4ff000-8b500000 ---p 00000000 00:00 0 
8b500000-8b52f000 rwxp 00000000 00:00 0 
8b52f000-8c7b0000 rwxp 00000000 00:00 0 
8c7b0000-93530000 rwxp 00000000 00:00 0 
93530000-95690000 rwxp 00000000 00:00 0 
95690000-a8a90000 rwxp 00000000 00:00 0 
a8a90000-ad450000 rwxp 00000000 00:00 0 
ad450000-ad680000 ---p 00000000 00:00 0 
ad680000-b3530000 rwxp 00000000 00:00 0 
b3530000-b3531000 r-xp 00000000 00:00 0 
b3531000-b3536000 r-xs 0002f000 08:03 59637      /media/Data/Programmering/CallistoCarnival/lib/lwjgl/jinput.jar
b3536000-b3539000 r-xs 0000f000 08:06 925196     /usr/lib/jvm/java-6-openjdk/jre/lib/ext/pulse-java.jar
b3539000-b353c000 r-xp 00000000 08:06 1053000    /usr/lib/jvm/java-6-openjdk/jre/lib/i386/libdt_socket.so
b353c000-b353d000 r-xp 00002000 08:06 1053000    /usr/lib/jvm/java-6-openjdk/jre/lib/i386/libdt_socket.so
b353d000-b353e000 rwxp 00003000 08:06 1053000    /usr/lib/jvm/java-6-openjdk/jre/lib/i386/libdt_socket.so
b353e000-b3547000 rwxp 00000000 00:00 0 
b3547000-b35fe000 rwxp 00000000 00:00 0 
b35fe000-b383e000 rwxp 00000000 00:00 0 
b383e000-b65fe000 rwxp 00000000 00:00 0 
b65fe000-b6608000 r-xp 00000000 08:06 392561     /lib/i386-linux-gnu/libnss_files-2.13.so
b6608000-b6609000 r-xp 00009000 08:06 392561     /lib/i386-linux-gnu/libnss_files-2.13.so
b6609000-b660a000 rwxp 0000a000 08:06 392561     /lib/i386-linux-gnu/libnss_files-2.13.so
b660a000-b6613000 r-xp 00000000 08:06 392565     /lib/i386-linux-gnu/libnss_nis-2.13.so
b6613000-b6614000 r-xp 00008000 08:06 392565     /lib/i386-linux-gnu/libnss_nis-2.13.so
b6614000-b6615000 rwxp 00009000 08:06 392565     /lib/i386-linux-gnu/libnss_nis-2.13.so
b6615000-b661b000 r-xp 00000000 08:06 1052977    /usr/lib/jvm/java-6-openjdk/jre/lib/i386/libzip.so
b661b000-b661c000 r-xp 00005000 08:06 1052977    /usr/lib/jvm/java-6-openjdk/jre/lib/i386/libzip.so
b661c000-b661d000 rwxp 00006000 08:06 1052977    /usr/lib/jvm/java-6-openjdk/jre/lib/i386/libzip.so
b661d000-b6625000 rwxs 00000000 08:06 142386     /tmp/hsperfdata_jens/3832
b6625000-b6825000 r-xp 00000000 08:06 661513     /usr/lib/locale/locale-archive
b6825000-b685b000 r-xp 00000000 08:06 1053001    /usr/lib/jvm/java-6-openjdk/jre/lib/i386/libjdwp.so
b685b000-b685c000 r-xp 00035000 08:06 1053001    /usr/lib/jvm/java-6-openjdk/jre/lib/i386/libjdwp.so
b685c000-b685d000 rwxp 00036000 08:06 1053001    /usr/lib/jvm/java-6-openjdk/jre/lib/i386/libjdwp.so
b685d000-b6870000 r-xp 00000000 08:06 392555     /lib/i386-linux-gnu/libnsl-2.13.so
b6870000-b6871000 r-xp 00012000 08:06 392555     /lib/i386-linux-gnu/libnsl-2.13.so
b6871000-b6872000 rwxp 00013000 08:06 392555     /lib/i386-linux-gnu/libnsl-2.13.so
b6872000-b6874000 rwxp 00000000 00:00 0 
b6874000-b6876000 r-xs 0000d000 08:03 59651      /media/Data/Programmering/CallistoCarnival/lib/lwjgl/lwjgl_util.jar
b6876000-b687c000 r-xp 00000000 08:06 392557     /lib/i386-linux-gnu/libnss_compat-2.13.so
b687c000-b687d000 r-xp 00005000 08:06 392557     /lib/i386-linux-gnu/libnss_compat-2.13.so
b687d000-b687e000 rwxp 00006000 08:06 392557     /lib/i386-linux-gnu/libnss_compat-2.13.so
b687e000-b6880000 r-xp 00000000 08:06 1052971    /usr/lib/jvm/java-6-openjdk/jre/lib/i386/libnpt.so
b6880000-b6881000 r-xp 00002000 08:06 1052971    /usr/lib/jvm/java-6-openjdk/jre/lib/i386/libnpt.so
b6881000-b6882000 rwxp 00003000 08:06 1052971    /usr/lib/jvm/java-6-openjdk/jre/lib/i386/libnpt.so
b6882000-b6883000 rwxp 00000000 00:00 0 
b6883000-b6884000 r-xp 00000000 00:00 0 
b6884000-b68a7000 r-xp 00000000 08:06 1052972    /usr/lib/jvm/java-6-openjdk/jre/lib/i386/libjava.so
b68a7000-b68a8000 r-xp 00022000 08:06 1052972    /usr/lib/jvm/java-6-openjdk/jre/lib/i386/libjava.so
b68a8000-b68aa000 rwxp 00023000 08:06 1052972    /usr/lib/jvm/java-6-openjdk/jre/lib/i386/libjava.so
b68aa000-b68b1000 r-xp 00000000 08:06 392584     /lib/i386-linux-gnu/librt-2.13.so
b68b1000-b68b2000 r-xp 00006000 08:06 392584     /lib/i386-linux-gnu/librt-2.13.so
b68b2000-b68b3000 rwxp 00007000 08:06 392584     /lib/i386-linux-gnu/librt-2.13.so
b68b3000-b68b4000 ---p 00000000 00:00 0 
b68b4000-b6904000 rwxp 00000000 00:00 0 
b6904000-b691e000 r-xp 00000000 08:06 392543     /lib/i386-linux-gnu/libgcc_s.so.1
b691e000-b691f000 r-xp 00019000 08:06 392543     /lib/i386-linux-gnu/libgcc_s.so.1
b691f000-b6920000 rwxp 0001a000 08:06 392543     /lib/i386-linux-gnu/libgcc_s.so.1
b6920000-b6944000 r-xp 00000000 08:06 392552     /lib/i386-linux-gnu/libm-2.13.so
b6944000-b6945000 r-xp 00023000 08:06 392552     /lib/i386-linux-gnu/libm-2.13.so
b6945000-b6946000 rwxp 00024000 08:06 392552     /lib/i386-linux-gnu/libm-2.13.so
b6946000-b6a25000 r-xp 00000000 08:06 661256     /usr/lib/i386-linux-gnu/libstdc++.so.6.0.14
b6a25000-b6a29000 r-xp 000de000 08:06 661256     /usr/lib/i386-linux-gnu/libstdc++.so.6.0.14
b6a29000-b6a2a000 rwxp 000e2000 08:06 661256     /usr/lib/i386-linux-gnu/libstdc++.so.6.0.14
b6a2a000-b6a31000 rwxp 00000000 00:00 0 
b6a31000-b70f7000 r-xp 00000000 08:06 1052987    /usr/lib/jvm/java-6-openjdk/jre/lib/i386/server/libjvm.so
b70f7000-b70f8000 ---p 006c6000 08:06 1052987    /usr/lib/jvm/java-6-openjdk/jre/lib/i386/server/libjvm.so
b70f8000-b713d000 r-xp 006c6000 08:06 1052987    /usr/lib/jvm/java-6-openjdk/jre/lib/i386/server/libjvm.so
b713d000-b714c000 rwxp 0070b000 08:06 1052987    /usr/lib/jvm/java-6-openjdk/jre/lib/i386/server/libjvm.so
b714c000-b7568000 rwxp 00000000 00:00 0 
b7568000-b76c2000 r-xp 00000000 08:06 392515     /lib/i386-linux-gnu/libc-2.13.so
b76c2000-b76c3000 ---p 0015a000 08:06 392515     /lib/i386-linux-gnu/libc-2.13.so
b76c3000-b76c5000 r-xp 0015a000 08:06 392515     /lib/i386-linux-gnu/libc-2.13.so
b76c5000-b76c6000 rwxp 0015c000 08:06 392515     /lib/i386-linux-gnu/libc-2.13.so
b76c6000-b76c9000 rwxp 00000000 00:00 0 
b76c9000-b76cb000 r-xp 00000000 08:06 392525     /lib/i386-linux-gnu/libdl-2.13.so
b76cb000-b76cc000 r-xp 00001000 08:06 392525     /lib/i386-linux-gnu/libdl-2.13.so
b76cc000-b76cd000 rwxp 00002000 08:06 392525     /lib/i386-linux-gnu/libdl-2.13.so
b76cd000-b76d0000 r-xp 00000000 08:06 1052980    /usr/lib/jvm/java-6-openjdk/jre/lib/i386/jli/libjli.so
b76d0000-b76d1000 r-xp 00002000 08:06 1052980    /usr/lib/jvm/java-6-openjdk/jre/lib/i386/jli/libjli.so
b76d1000-b76d2000 rwxp 00003000 08:06 1052980    /usr/lib/jvm/java-6-openjdk/jre/lib/i386/jli/libjli.so
b76d2000-b76e7000 r-xp 00000000 08:06 392580     /lib/i386-linux-gnu/libpthread-2.13.so
b76e7000-b76e8000 r-xp 00015000 08:06 392580     /lib/i386-linux-gnu/libpthread-2.13.so
b76e8000-b76e9000 rwxp 00016000 08:06 392580     /lib/i386-linux-gnu/libpthread-2.13.so
b76e9000-b76ec000 rwxp 00000000 00:00 0 
b76ec000-b76ff000 r-xp 00000000 08:06 392598     /lib/i386-linux-gnu/libz.so.1.2.3.4
b76ff000-b7700000 r-xp 00012000 08:06 392598     /lib/i386-linux-gnu/libz.so.1.2.3.4
b7700000-b7701000 rwxp 00013000 08:06 392598     /lib/i386-linux-gnu/libz.so.1.2.3.4
b7701000-b7702000 r-xs 00001000 08:03 59655      /media/Data/Programmering/CallistoCarnival/lib/jogg-0.0.7.jar
b7702000-b7703000 r-xp 002a1000 08:06 661513     /usr/lib/locale/locale-archive
b7703000-b770e000 r-xp 00000000 08:06 1052995    /usr/lib/jvm/java-6-openjdk/jre/lib/i386/libverify.so
b770e000-b770f000 ---p 0000b000 08:06 1052995    /usr/lib/jvm/java-6-openjdk/jre/lib/i386/libverify.so
b770f000-b7710000 r-xp 0000b000 08:06 1052995    /usr/lib/jvm/java-6-openjdk/jre/lib/i386/libverify.so
b7710000-b7711000 rwxp 0000c000 08:06 1052995    /usr/lib/jvm/java-6-openjdk/jre/lib/i386/libverify.so
b7711000-b7713000 rwxp 00000000 00:00 0 
b7713000-b7714000 r-xp 00000000 00:00 0          [vdso]
b7714000-b7730000 r-xp 00000000 08:06 392502     /lib/i386-linux-gnu/ld-2.13.so
b7730000-b7731000 r-xp 0001b000 08:06 392502     /lib/i386-linux-gnu/ld-2.13.so
b7731000-b7732000 rwxp 0001c000 08:06 392502     /lib/i386-linux-gnu/ld-2.13.so
bfb32000-bfb51000 rwxp 00000000 00:00 0          [stack]
bfb51000-bfb53000 rw-p 00000000 00:00 0 

VM Arguments:
jvm_args: -agentlib:jdwp=transport=dt_socket,suspend=y,address=localhost:34753 -Djava.library.path=/media/Data/Programmering/CallistoCarnival/lib/lwjgl/native -Dfile.encoding=UTF-8 
java_command: cc.app.Bootstrapper
Launcher Type: SUN_STANDARD

Environment Variables:
PATH=/home/jens/bin:/usr/local/sbin:/usr/local/bin:/usr/sbin:/usr/bin:/sbin:/bin:/usr/games
USERNAME=jens
LD_LIBRARY_PATH=/usr/lib/jvm/java-6-openjdk/jre/lib/i386/server:/usr/lib/jvm/java-6-openjdk/jre/lib/i386:/usr/lib/jvm/java-6-openjdk/jre/../lib/i386:/usr/lib/jvm/java-6-openjdk/jre/lib/i386/client:/usr/lib/jvm/java-6-openjdk/jre/lib/i386:
SHELL=/bin/bash
DISPLAY=:0

Signal Handlers:
SIGSEGV: [libjvm.so+0x656ef0], sa_mask[0]=0x7ffbfeff, sa_flags=0x10000004
SIGBUS: [libjvm.so+0x656ef0], sa_mask[0]=0x7ffbfeff, sa_flags=0x10000004
SIGFPE: [libjvm.so+0x51d410], sa_mask[0]=0x7ffbfeff, sa_flags=0x10000004
SIGPIPE: [libjvm.so+0x51d410], sa_mask[0]=0x7ffbfeff, sa_flags=0x10000004
SIGXFSZ: [libjvm.so+0x51d410], sa_mask[0]=0x7ffbfeff, sa_flags=0x10000004
SIGILL: [libjvm.so+0x51d410], sa_mask[0]=0x7ffbfeff, sa_flags=0x10000004
SIGUSR1: SIG_DFL, sa_mask[0]=0x00000000, sa_flags=0x00000000
SIGUSR2: [libjvm.so+0x51d280], sa_mask[0]=0x00000004, sa_flags=0x10000004
SIGHUP: [libjvm.so+0x520070], sa_mask[0]=0x7ffbfeff, sa_flags=0x10000004
SIGINT: [libjvm.so+0x520070], sa_mask[0]=0x7ffbfeff, sa_flags=0x10000004
SIGTERM: [libjvm.so+0x520070], sa_mask[0]=0x7ffbfeff, sa_flags=0x10000004
SIGQUIT: [libjvm.so+0x520070], sa_mask[0]=0x7ffbfeff, sa_flags=0x10000004


---------------  S Y S T E M  ---------------

OS:Ubuntu 11.04 (natty)
uname:Linux 2.6.38-8-generic #42-Ubuntu SMP Mon Apr 11 03:31:50 UTC 2011 i686
libc:glibc 2.13 NPTL 2.13 
rlimit: STACK 8192k, CORE 0k, NPROC infinity, NOFILE 4096, AS infinity
load average:0.00 0.06 0.06

/proc/meminfo:
MemTotal:        2051224 kB
MemFree:          754152 kB
Buffers:           93668 kB
Cached:           686956 kB
SwapCached:            0 kB
Active:           810592 kB
Inactive:         411548 kB
Active(anon):     604976 kB
Inactive(anon):    85836 kB
Active(file):     205616 kB
Inactive(file):   325712 kB
Unevictable:           0 kB
Mlocked:               0 kB
HighTotal:       1178504 kB
HighFree:          59032 kB
LowTotal:         872720 kB
LowFree:          695120 kB
SwapTotal:       2084860 kB
SwapFree:        2084860 kB
Dirty:              1544 kB
Writeback:             0 kB
AnonPages:        441736 kB
Mapped:           111280 kB
Shmem:            249116 kB
Slab:              34836 kB
SReclaimable:      21128 kB
SUnreclaim:        13708 kB
KernelStack:        2744 kB
PageTables:         5456 kB
NFS_Unstable:          0 kB
Bounce:                0 kB
WritebackTmp:          0 kB
CommitLimit:     3110472 kB
Committed_AS:    1802276 kB
VmallocTotal:     122880 kB
VmallocUsed:       29992 kB
VmallocChunk:      80704 kB
HardwareCorrupted:     0 kB
HugePages_Total:       0
HugePages_Free:        0
HugePages_Rsvd:        0
HugePages_Surp:        0
Hugepagesize:       4096 kB
DirectMap4k:       20472 kB
DirectMap4M:      888832 kB


CPU:total 2 (2 cores per cpu, 1 threads per core) family 6 model 15 stepping 6, cmov, cx8, fxsr, mmx, sse, sse2, sse3, ssse3

Memory: 4k page, physical 2051224k(754152k free), swap 2084860k(2084860k free)

vm_info: OpenJDK Server VM (20.0-b11) for linux-x86 JRE (1.6.0_22-b22), built on Jun 11 2011 05:56:20 by "buildd" with gcc 4.5.2

time: Wed Jul  6 14:22:50 2011
elapsed time: 377 seconds

